<?xml version="1.0" encoding="UTF-8"?>
<testng-results skipped="0" failed="0" ignored="0" total="3" passed="3">
  <reporter-output>
  </reporter-output>
  <suite name="Suite" duration-ms="15792" started-at="2023-03-02T19:23:20 BDT" finished-at="2023-03-02T19:23:36 BDT">
    <groups>
      <group name="cucumber">
        <method signature="AbstractTestNGCucumberTests.runScenario(io.cucumber.testng.PickleWrapper, io.cucumber.testng.FeatureWrapper)[pri:0, instance:TestRunner.WebRunnerTest@68bbe345]" name="runScenario" class="io.cucumber.testng.AbstractTestNGCucumberTests"/>
      </group> <!-- cucumber -->
    </groups>
    <test name="cucumberTest" duration-ms="15792" started-at="2023-03-02T19:23:20 BDT" finished-at="2023-03-02T19:23:36 BDT">
      <class name="TestRunner.WebRunnerTest">
        <test-method status="PASS" signature="setUpClass()[pri:0, instance:TestRunner.WebRunnerTest@68bbe345]" name="setUpClass" is-config="true" duration-ms="409" started-at="2023-03-02T19:23:20 BDT" finished-at="2023-03-02T19:23:21 BDT">
          <reporter-output>
          </reporter-output>
        </test-method> <!-- setUpClass -->
        <test-method status="PASS" signature="runScenario(io.cucumber.testng.PickleWrapper, io.cucumber.testng.FeatureWrapper)[pri:0, instance:TestRunner.WebRunnerTest@68bbe345]" name="runScenario" duration-ms="8681" started-at="2023-03-02T19:23:21 BDT" description="Runs Cucumber Scenarios" data-provider="scenarios" finished-at="2023-03-02T19:23:29 BDT">
          <params>
            <param index="0">
              <value>
                <![CDATA["Add customer with valid data"]]>
              </value>
            </param>
            <param index="1">
              <value>
                <![CDATA["Optional[BankManagerLogin]"]]>
              </value>
            </param>
          </params>
          <reporter-output>
          </reporter-output>
        </test-method> <!-- runScenario -->
        <test-method status="PASS" signature="runScenario(io.cucumber.testng.PickleWrapper, io.cucumber.testng.FeatureWrapper)[pri:0, instance:TestRunner.WebRunnerTest@68bbe345]" name="runScenario" duration-ms="1990" started-at="2023-03-02T19:23:29 BDT" description="Runs Cucumber Scenarios" data-provider="scenarios" finished-at="2023-03-02T19:23:31 BDT">
          <params>
            <param index="0">
              <value>
                <![CDATA["Add customer name and currency"]]>
              </value>
            </param>
            <param index="1">
              <value>
                <![CDATA["Optional[Open Account]"]]>
              </value>
            </param>
          </params>
          <reporter-output>
          </reporter-output>
        </test-method> <!-- runScenario -->
        <test-method status="PASS" signature="runScenario(io.cucumber.testng.PickleWrapper, io.cucumber.testng.FeatureWrapper)[pri:0, instance:TestRunner.WebRunnerTest@68bbe345]" name="runScenario" duration-ms="4640" started-at="2023-03-02T19:23:31 BDT" description="Runs Cucumber Scenarios" data-provider="scenarios" finished-at="2023-03-02T19:23:36 BDT">
          <params>
            <param index="0">
              <value>
                <![CDATA["Customer information and delete customer"]]>
              </value>
            </param>
            <param index="1">
              <value>
                <![CDATA["Optional[Customers Info]"]]>
              </value>
            </param>
          </params>
          <reporter-output>
          </reporter-output>
        </test-method> <!-- runScenario -->
        <test-method status="PASS" signature="tearDownClass()[pri:0, instance:TestRunner.WebRunnerTest@68bbe345]" name="tearDownClass" is-config="true" duration-ms="42" started-at="2023-03-02T19:23:36 BDT" finished-at="2023-03-02T19:23:36 BDT">
          <reporter-output>
          </reporter-output>
        </test-method> <!-- tearDownClass -->
      </class> <!-- TestRunner.WebRunnerTest -->
    </test> <!-- cucumberTest -->
  </suite> <!-- Suite -->
</testng-results>
