<?xml version="1.0" encoding="UTF-8"?>
<testng-results skipped="0" failed="0" ignored="0" total="3" passed="3">
  <reporter-output>
  </reporter-output>
  <suite name="Suite" duration-ms="17160" started-at="2023-03-15T17:03:35 BDT" finished-at="2023-03-15T17:03:52 BDT">
    <groups>
      <group name="cucumber">
        <method signature="AbstractTestNGCucumberTests.runScenario(io.cucumber.testng.PickleWrapper, io.cucumber.testng.FeatureWrapper)[pri:0, instance:TestRunner.WebRunnerTest@68bbe345]" name="runScenario" class="io.cucumber.testng.AbstractTestNGCucumberTests"/>
      </group> <!-- cucumber -->
    </groups>
    <test name="cucumberTest" duration-ms="17160" started-at="2023-03-15T17:03:35 BDT" finished-at="2023-03-15T17:03:52 BDT">
      <class name="TestRunner.WebRunnerTest">
        <test-method status="PASS" signature="setUpClass()[pri:0, instance:TestRunner.WebRunnerTest@68bbe345]" name="setUpClass" is-config="true" duration-ms="479" started-at="2023-03-15T17:03:35 BDT" finished-at="2023-03-15T17:03:35 BDT">
          <reporter-output>
          </reporter-output>
        </test-method> <!-- setUpClass -->
        <test-method status="PASS" signature="runScenario(io.cucumber.testng.PickleWrapper, io.cucumber.testng.FeatureWrapper)[pri:0, instance:TestRunner.WebRunnerTest@68bbe345]" name="runScenario" duration-ms="9771" started-at="2023-03-15T17:03:35 BDT" description="Runs Cucumber Scenarios" data-provider="scenarios" finished-at="2023-03-15T17:03:45 BDT">
          <params>
            <param index="0">
              <value>
                <![CDATA["Add customer with valid data"]]>
              </value>
            </param>
            <param index="1">
              <value>
                <![CDATA["Optional[Bank Manager Login]"]]>
              </value>
            </param>
          </params>
          <reporter-output>
          </reporter-output>
        </test-method> <!-- runScenario -->
        <test-method status="PASS" signature="runScenario(io.cucumber.testng.PickleWrapper, io.cucumber.testng.FeatureWrapper)[pri:0, instance:TestRunner.WebRunnerTest@68bbe345]" name="runScenario" duration-ms="2090" started-at="2023-03-15T17:03:45 BDT" description="Runs Cucumber Scenarios" data-provider="scenarios" finished-at="2023-03-15T17:03:47 BDT">
          <params>
            <param index="0">
              <value>
                <![CDATA["Add customer name and currency"]]>
              </value>
            </param>
            <param index="1">
              <value>
                <![CDATA["Optional[Open Account]"]]>
              </value>
            </param>
          </params>
          <reporter-output>
          </reporter-output>
        </test-method> <!-- runScenario -->
        <test-method status="PASS" signature="runScenario(io.cucumber.testng.PickleWrapper, io.cucumber.testng.FeatureWrapper)[pri:0, instance:TestRunner.WebRunnerTest@68bbe345]" name="runScenario" duration-ms="4713" started-at="2023-03-15T17:03:47 BDT" description="Runs Cucumber Scenarios" data-provider="scenarios" finished-at="2023-03-15T17:03:52 BDT">
          <params>
            <param index="0">
              <value>
                <![CDATA["Customer information and delete customer"]]>
              </value>
            </param>
            <param index="1">
              <value>
                <![CDATA["Optional[Delete Account]"]]>
              </value>
            </param>
          </params>
          <reporter-output>
          </reporter-output>
        </test-method> <!-- runScenario -->
        <test-method status="PASS" signature="tearDownClass()[pri:0, instance:TestRunner.WebRunnerTest@68bbe345]" name="tearDownClass" is-config="true" duration-ms="75" started-at="2023-03-15T17:03:52 BDT" finished-at="2023-03-15T17:03:52 BDT">
          <reporter-output>
          </reporter-output>
        </test-method> <!-- tearDownClass -->
      </class> <!-- TestRunner.WebRunnerTest -->
    </test> <!-- cucumberTest -->
  </suite> <!-- Suite -->
</testng-results>
