<?xml version="1.0" encoding="UTF-8"?>
<testng-results skipped="0" failed="0" ignored="0" total="3" passed="3">
  <reporter-output>
  </reporter-output>
  <suite name="Gradle suite" duration-ms="15311" started-at="2023-03-02T01:34:08 BDT" finished-at="2023-03-02T01:34:24 BDT">
    <groups>
      <group name="cucumber">
        <method signature="AbstractTestNGCucumberTests.runScenario(io.cucumber.testng.PickleWrapper, io.cucumber.testng.FeatureWrapper)[pri:0, instance:TestRunner.WebRunnerTest@7193666c]" name="runScenario" class="io.cucumber.testng.AbstractTestNGCucumberTests"/>
      </group> <!-- cucumber -->
    </groups>
    <test name="Gradle test" duration-ms="15311" started-at="2023-03-02T01:34:08 BDT" finished-at="2023-03-02T01:34:24 BDT">
      <class name="TestRunner.WebRunnerTest">
        <test-method status="PASS" signature="setUpClass()[pri:0, instance:TestRunner.WebRunnerTest@7193666c]" name="setUpClass" is-config="true" duration-ms="411" started-at="2023-03-02T01:34:08 BDT" finished-at="2023-03-02T01:34:09 BDT">
          <reporter-output>
          </reporter-output>
        </test-method> <!-- setUpClass -->
        <test-method status="PASS" signature="runScenario(io.cucumber.testng.PickleWrapper, io.cucumber.testng.FeatureWrapper)[pri:0, instance:TestRunner.WebRunnerTest@7193666c]" name="runScenario" duration-ms="8161" started-at="2023-03-02T01:34:09 BDT" description="Runs Cucumber Scenarios" data-provider="scenarios" finished-at="2023-03-02T01:34:17 BDT">
          <params>
            <param index="0">
              <value>
                <![CDATA["Add customer with valid data"]]>
              </value>
            </param>
            <param index="1">
              <value>
                <![CDATA["Optional[BankManagerLogin]"]]>
              </value>
            </param>
          </params>
          <reporter-output>
          </reporter-output>
        </test-method> <!-- runScenario -->
        <test-method status="PASS" signature="runScenario(io.cucumber.testng.PickleWrapper, io.cucumber.testng.FeatureWrapper)[pri:0, instance:TestRunner.WebRunnerTest@7193666c]" name="runScenario" duration-ms="1995" started-at="2023-03-02T01:34:17 BDT" description="Runs Cucumber Scenarios" data-provider="scenarios" finished-at="2023-03-02T01:34:19 BDT">
          <params>
            <param index="0">
              <value>
                <![CDATA["Add customer name and currency"]]>
              </value>
            </param>
            <param index="1">
              <value>
                <![CDATA["Optional[Open Account]"]]>
              </value>
            </param>
          </params>
          <reporter-output>
          </reporter-output>
        </test-method> <!-- runScenario -->
        <test-method status="PASS" signature="runScenario(io.cucumber.testng.PickleWrapper, io.cucumber.testng.FeatureWrapper)[pri:0, instance:TestRunner.WebRunnerTest@7193666c]" name="runScenario" duration-ms="4667" started-at="2023-03-02T01:34:19 BDT" description="Runs Cucumber Scenarios" data-provider="scenarios" finished-at="2023-03-02T01:34:24 BDT">
          <params>
            <param index="0">
              <value>
                <![CDATA["Customer information and delete customer"]]>
              </value>
            </param>
            <param index="1">
              <value>
                <![CDATA["Optional[Customers Info]"]]>
              </value>
            </param>
          </params>
          <reporter-output>
          </reporter-output>
        </test-method> <!-- runScenario -->
        <test-method status="PASS" signature="tearDownClass()[pri:0, instance:TestRunner.WebRunnerTest@7193666c]" name="tearDownClass" is-config="true" duration-ms="45" started-at="2023-03-02T01:34:24 BDT" finished-at="2023-03-02T01:34:24 BDT">
          <reporter-output>
          </reporter-output>
        </test-method> <!-- tearDownClass -->
      </class> <!-- TestRunner.WebRunnerTest -->
    </test> <!-- Gradle test -->
  </suite> <!-- Gradle suite -->
</testng-results>
