<?xml version="1.0" encoding="UTF-8"?>
<testng-results skipped="0" failed="1" ignored="0" total="2" passed="1">
  <reporter-output>
  </reporter-output>
  <suite name="Suite" duration-ms="14748" started-at="2023-02-22T21:50:57 BDT" finished-at="2023-02-22T21:51:11 BDT">
    <groups>
      <group name="cucumber">
        <method signature="AbstractTestNGCucumberTests.runScenario(io.cucumber.testng.PickleWrapper, io.cucumber.testng.FeatureWrapper)[pri:0, instance:TestRunner.CucumberRunnerTest@333291e3]" name="runScenario" class="io.cucumber.testng.AbstractTestNGCucumberTests"/>
      </group> <!-- cucumber -->
    </groups>
    <test name="cucumberTest" duration-ms="14748" started-at="2023-02-22T21:50:57 BDT" finished-at="2023-02-22T21:51:11 BDT">
      <class name="TestRunner.CucumberRunnerTest">
        <test-method status="PASS" signature="setUpClass()[pri:0, instance:TestRunner.CucumberRunnerTest@333291e3]" name="setUpClass" is-config="true" duration-ms="412" started-at="2023-02-22T21:50:57 BDT" finished-at="2023-02-22T21:50:57 BDT">
          <reporter-output>
          </reporter-output>
        </test-method> <!-- setUpClass -->
        <test-method status="PASS" signature="runScenario(io.cucumber.testng.PickleWrapper, io.cucumber.testng.FeatureWrapper)[pri:0, instance:TestRunner.CucumberRunnerTest@333291e3]" name="runScenario" duration-ms="14201" started-at="2023-02-22T21:50:57 BDT" description="Runs Cucumber Scenarios" data-provider="scenarios" finished-at="2023-02-22T21:51:11 BDT">
          <params>
            <param index="0">
              <value>
                <![CDATA["Add new customer with valid data"]]>
              </value>
            </param>
            <param index="1">
              <value>
                <![CDATA["Optional[Add Customer]"]]>
              </value>
            </param>
          </params>
          <reporter-output>
          </reporter-output>
        </test-method> <!-- runScenario -->
        <test-method status="FAIL" signature="runScenario(io.cucumber.testng.PickleWrapper, io.cucumber.testng.FeatureWrapper)[pri:0, instance:TestRunner.CucumberRunnerTest@333291e3]" name="runScenario" duration-ms="16" started-at="2023-02-22T21:51:11 BDT" description="Runs Cucumber Scenarios" data-provider="scenarios" finished-at="2023-02-22T21:51:11 BDT">
          <params>
            <param index="0">
              <value>
                <![CDATA["Add Customer name and currency"]]>
              </value>
            </param>
            <param index="1">
              <value>
                <![CDATA["Optional[Open Account]"]]>
              </value>
            </param>
          </params>
          <exception class="java.lang.NullPointerException">
            <full-stacktrace>
              <![CDATA[java.lang.NullPointerException
at WebStepDefination.LoginStepDefination.userInOpenAccountPage(LoginStepDefination.java:39)
at ✽.user in open account page(file:///C:/Users/Asus/Desktop/yes/WebAutomation/src/test/resources/Features/openAccount.feature:5)
]]>
            </full-stacktrace>
          </exception> <!-- java.lang.NullPointerException -->
          <reporter-output>
          </reporter-output>
        </test-method> <!-- runScenario -->
        <test-method status="PASS" signature="tearDownClass()[pri:0, instance:TestRunner.CucumberRunnerTest@333291e3]" name="tearDownClass" is-config="true" duration-ms="95" started-at="2023-02-22T21:51:11 BDT" finished-at="2023-02-22T21:51:11 BDT">
          <reporter-output>
          </reporter-output>
        </test-method> <!-- tearDownClass -->
      </class> <!-- TestRunner.CucumberRunnerTest -->
    </test> <!-- cucumberTest -->
  </suite> <!-- Suite -->
</testng-results>
