<?xml version="1.0" encoding="UTF-8"?>
<!-- Generated by org.testng.reporters.JUnitXMLReporter -->
<testsuite hostname="DESKTOP-ACI7R7L" ignored="0" name="cucumberTest" tests="3" failures="0" timestamp="2023-03-02T19:23:36 BDT" time="15.792" errors="0">
  <testcase name="runScenario" time="8.681" classname="io.cucumber.testng.AbstractTestNGCucumberTests"/>
  <testcase name="runScenario" time="1.99" classname="io.cucumber.testng.AbstractTestNGCucumberTests"/>
  <testcase name="runScenario" time="4.64" classname="io.cucumber.testng.AbstractTestNGCucumberTests"/>
</testsuite> <!-- cucumberTest -->
