<?xml version="1.0" encoding="UTF-8"?>
<!-- Generated by org.testng.reporters.JUnitReportReporter -->
<testsuite skipped="0" hostname="DESKTOP-ACI7R7L" name="TestRunner.CucumberRunnerTest" tests="2" failures="0" timestamp="2023-02-22T21:51:11 BDT" time="14.217" errors="1">
  <testcase name="runScenario" time="0.016" classname="TestRunner.CucumberRunnerTest">
    <error type="java.lang.NullPointerException">
      <![CDATA[java.lang.NullPointerException
at WebStepDefination.LoginStepDefination.userInOpenAccountPage(LoginStepDefination.java:39)
at ✽.user in open account page(file:///C:/Users/Asus/Desktop/yes/WebAutomation/src/test/resources/Features/openAccount.feature:5)
]]>
    </error>
  </testcase> <!-- runScenario -->
  <system-out/>
  <testcase name="runScenario" time="14.201" classname="TestRunner.CucumberRunnerTest"/>
  <system-out/>
</testsuite> <!-- TestRunner.CucumberRunnerTest -->
